<?xml version="1.0" encoding="UTF-8"?>
<!-- Generated by org.testng.reporters.JUnitReportReporter -->
<testsuite hostname="Serdars-MBP" failures="0" tests="1" name="Tests.ReadTest" time="17.303" errors="0" timestamp="20 Dec 2020 21:13:41 GMT" skipped="0">
  <testcase classname="Tests.ReadTest" name="editArticle" time="17.303"/>
</testsuite> <!-- Tests.ReadTest -->
