<?xml version="1.0" encoding="UTF-8"?>
<!-- Generated by org.testng.reporters.JUnitReportReporter -->
<testsuite hostname="Serdars-MBP" failures="0" tests="1" name="Tests.UpdateTest" time="26.888" errors="0" timestamp="20 Dec 2020 21:13:41 GMT" skipped="0">
  <testcase classname="Tests.UpdateTest" name="updateArticle" time="26.888"/>
</testsuite> <!-- Tests.UpdateTest -->
